  chapter1.cpp
D:\projects\introAlgorithm\Algorithm\chapter1\chapter1.cpp(41,27): warning C4267: “=”: 从“size_t”转换到“int”，可能丢失数据
D:\projects\introAlgorithm\Algorithm\chapter1\chapter1.cpp(42,27): warning C4267: “=”: 从“size_t”转换到“int”，可能丢失数据
D:\projects\introAlgorithm\Algorithm\chapter1\chapter1.cpp(78,20): warning C4018: “<”: 有符号/无符号不匹配
D:\projects\introAlgorithm\Algorithm\chapter1\chapter1.cpp(109,18): warning C4267: “return”: 从“size_t”转换到“unsigned int”，可能丢失数据
D:\projects\introAlgorithm\Algorithm\chapter1\chapter1.cpp(111,18): warning C4267: “return”: 从“size_t”转换到“unsigned int”，可能丢失数据
D:\projects\introAlgorithm\Algorithm\chapter1\chapter1.cpp(113,18): warning C4267: “return”: 从“size_t”转换到“unsigned int”，可能丢失数据
D:\projects\introAlgorithm\Algorithm\chapter1\chapter1.cpp(155,37): warning C4267: “初始化”: 从“size_t”转换到“int”，可能丢失数据
D:\projects\introAlgorithm\Algorithm\chapter1\chapter1.cpp(162,27): warning C4267: “初始化”: 从“size_t”转换到“int”，可能丢失数据
D:\projects\introAlgorithm\Algorithm\chapter1\chapter1.cpp(164,34): warning C4267: “初始化”: 从“size_t”转换到“int”，可能丢失数据
D:\projects\introAlgorithm\Algorithm\chapter1\chapter1.cpp(425,15): warning C4267: “初始化”: 从“size_t”转换到“int”，可能丢失数据
D:\projects\introAlgorithm\Algorithm\chapter1\chapter1.cpp(490,15): warning C4267: “初始化”: 从“size_t”转换到“int”，可能丢失数据
  testChapter1.cpp
D:\projects\introAlgorithm\Algorithm\chapter1\chapter1.h(45,1): warning C4267: “return”: 从“size_t”转换到“int”，可能丢失数据
D:\projects\introAlgorithm\Algorithm\chapter1\testChapter1.cpp(22): message : 查看对正在编译的函数 模板 实例化“int BinarySearch<int>(const std::vector<int,std::allocator<int>> &,T)”的引用
          with
          [
              T=int
          ]
D:\projects\introAlgorithm\Algorithm\chapter1\chapter1.h(93,1): warning C4267: “初始化”: 从“size_t”转换到“int”，可能丢失数据
D:\projects\introAlgorithm\Algorithm\chapter1\testChapter1.cpp(93): message : 查看对正在编译的函数 模板 实例化“std::pair<int,int> EqualKey<int>(const std::vector<int,std::allocator<int>> &,T)”的引用
          with
          [
              T=int
          ]
D:\projects\introAlgorithm\Algorithm\chapter1\chapter1.h(101,1): warning C4267: “初始化”: 从“size_t”转换到“int”，可能丢失数据
D:\projects\introAlgorithm\Algorithm\chapter1\chapter1.h(108,1): warning C4267: “=”: 从“size_t”转换到“unsigned int”，可能丢失数据
D:\projects\introAlgorithm\Algorithm\chapter1\chapter1.h(111,1): warning C4267: “初始化”: 从“size_t”转换到“int”，可能丢失数据
D:\projects\introAlgorithm\Algorithm\chapter1\chapter1.h(117,1): warning C4267: “=”: 从“size_t”转换到“unsigned int”，可能丢失数据
  main.cpp
  正在生成代码
  4 of 34 functions (11.8%) were compiled, the rest were copied from previous compilation.
    0 functions were new in current compilation
    0 functions had inline decision re-evaluated but remain unchanged
  已完成代码的生成
  Algorithm.vcxproj -> D:\projects\introAlgorithm\Algorithm\x64\Release\Algorithm.exe
